[  1%] Built target cpp_pubsub__cpp
[ 11%] Built target cpp_pubsub__rosidl_generator_c
[35m[1mScanning dependencies of target talker[0m
[ 15%] Built target listener
[ 17%] [32mBuilding CXX object CMakeFiles/talker.dir/src/publisher_member_function.cpp.o[0m
[ 27%] Built target cpp_pubsub__rosidl_typesupport_cpp
[ 37%] Built target cpp_pubsub__rosidl_typesupport_fastrtps_cpp
[ 47%] Built target cpp_pubsub__rosidl_typesupport_introspection_cpp
[ 56%] Built target cpp_pubsub__rosidl_typesupport_introspection_c
[01m[K/home/chen/ros2_ws/src/cpp_pubsub/src/publisher_member_function.cpp:20:10:[m[K [01;31m[Kfatal error: [m[Kcpp_pubsub/msg/num.hpp: 没有那个文件或目录
   20 | #include [01;31m[K"cpp_pubsub/msg/num.hpp"[m[K
      |          [01;31m[K^~~~~~~~~~~~~~~~~~~~~~~~[m[K
compilation terminated.
make[2]: *** [CMakeFiles/talker.dir/build.make:63：CMakeFiles/talker.dir/src/publisher_member_function.cpp.o] 错误 1
make[1]: *** [CMakeFiles/Makefile2:305：CMakeFiles/talker.dir/all] 错误 2
make[1]: *** 正在等待未完成的任务....
make: *** [Makefile:141：all] 错误 2
[ 66%] Built target cpp_pubsub__rosidl_typesupport_c
