[0.074s] Invoking command in '/home/chen/ros2_ws/build/cpp_pubsub': CMAKE_PREFIX_PATH=${CMAKE_PREFIX_PATH}:/opt/ros/foxy /usr/bin/cmake /home/chen/ros2_ws/src/cpp_pubsub -DCMAKE_BUILD_TYPE=RelWithDebInfo -DAMENT_CMAKE_SYMLINK_INSTALL=1 -DCMAKE_INSTALL_PREFIX=/home/chen/ros2_ws/install/cpp_pubsub
[0.153s] -- Found ament_cmake: 0.9.11 (/opt/ros/foxy/share/ament_cmake/cmake)
[0.214s] -- Found PythonInterp: /usr/bin/python3 (found suitable version "3.8.10", minimum required is "3") 
[0.214s] -- Using PYTHON_EXECUTABLE: /usr/bin/python3
[1.084s] -- Override CMake install command with custom implementation using symlinks instead of copying resources
[1.128s] -- Found rclcpp: 2.4.2 (/opt/ros/foxy/share/rclcpp/cmake)
[1.303s] -- Using all available rosidl_typesupport_c: rosidl_typesupport_fastrtps_c;rosidl_typesupport_introspection_c
[1.327s] -- Found rosidl_adapter: 1.3.0 (/opt/ros/foxy/share/rosidl_adapter/cmake)
[1.967s] -- Using all available rosidl_typesupport_cpp: rosidl_typesupport_fastrtps_cpp;rosidl_typesupport_introspection_cpp
[2.231s] -- Found rmw_implementation_cmake: 1.0.4 (/opt/ros/foxy/share/rmw_implementation_cmake/cmake)
[2.245s] -- Using RMW implementation 'rmw_fastrtps_cpp' as default
[2.998s] -- Found geometry_msgs: 2.0.5 (/opt/ros/foxy/share/geometry_msgs/cmake)
[3.176s] -- Found rosidl_default_generators: 1.0.1 (/opt/ros/foxy/share/rosidl_default_generators/cmake)
[3.222s] -- Found cpp_pubsub: 0.0.0 (/home/chen/ros2_ws/install/cpp_pubsub/share/cpp_pubsub/cmake)
[3.682s] -- Found PythonInterp: /usr/bin/python3 (found version "3.8.10") 
[4.695s] -- Found ament_cmake_ros: 0.9.2 (/opt/ros/foxy/share/ament_cmake_ros/cmake)
[5.947s] -- Using all available rosidl_typesupport_c: rosidl_typesupport_fastrtps_c;rosidl_typesupport_introspection_c
[6.306s] -- Using all available rosidl_typesupport_cpp: rosidl_typesupport_fastrtps_cpp;rosidl_typesupport_introspection_cpp
[6.399s] -- Found PythonInterp: /usr/bin/python3 (found suitable version "3.8.10", minimum required is "3.5") 
[6.400s] -- Found python_cmake_module: 0.8.1 (/opt/ros/foxy/share/python_cmake_module/cmake)
[6.466s] -- Using PYTHON_EXECUTABLE: /usr/bin/python3
[6.466s] -- Using PYTHON_INCLUDE_DIRS: /usr/include/python3.8
[6.467s] -- Using PYTHON_LIBRARIES: /usr/lib/x86_64-linux-gnu/libpython3.8.so
[6.662s] -- Configuring done
[6.871s] -- Generating done
[6.892s] -- Build files have been written to: /home/chen/ros2_ws/build/cpp_pubsub
[6.920s] Invoked command in '/home/chen/ros2_ws/build/cpp_pubsub' returned '0': CMAKE_PREFIX_PATH=${CMAKE_PREFIX_PATH}:/opt/ros/foxy /usr/bin/cmake /home/chen/ros2_ws/src/cpp_pubsub -DCMAKE_BUILD_TYPE=RelWithDebInfo -DAMENT_CMAKE_SYMLINK_INSTALL=1 -DCMAKE_INSTALL_PREFIX=/home/chen/ros2_ws/install/cpp_pubsub
[6.926s] Invoking command in '/home/chen/ros2_ws/build/cpp_pubsub': CMAKE_PREFIX_PATH=${CMAKE_PREFIX_PATH}:/opt/ros/foxy /usr/bin/cmake --build /home/chen/ros2_ws/build/cpp_pubsub -- -j2 -l2
[7.100s] [  1%] Built target cpp_pubsub__cpp
[7.171s] [ 11%] Built target cpp_pubsub__rosidl_generator_c
[7.264s] [ 13%] [32mBuilding CXX object CMakeFiles/talker.dir/src/publisher_member_function.cpp.o[0m
[7.599s] [01m[K/home/chen/ros2_ws/src/cpp_pubsub/src/publisher_member_function.cpp:20:10:[m[K [01;31m[Kfatal error: [m[Kcpp_pubsub/msg/num.hpp: æ²¡æœ‰é‚£ä¸ªæ–‡ä»¶æˆ–ç›®å½•
[7.600s]    20 | #include [01;31m[K"cpp_pubsub/msg/num.hpp"[m[K
[7.600s]       |          [01;31m[K^~~~~~~~~~~~~~~~~~~~~~~~[m[K
[7.600s] compilation terminated.
[7.605s] make[2]: *** [CMakeFiles/talker.dir/build.make:63ï¼šCMakeFiles/talker.dir/src/publisher_member_function.cpp.o] é”™è¯¯ 1
[7.605s] make[1]: *** [CMakeFiles/Makefile2:305ï¼šCMakeFiles/talker.dir/all] é”™è¯¯ 2
[7.605s] make: *** [Makefile:141ï¼šall] é”™è¯¯ 2
[7.608s] Invoked command in '/home/chen/ros2_ws/build/cpp_pubsub' returned '2': CMAKE_PREFIX_PATH=${CMAKE_PREFIX_PATH}:/opt/ros/foxy /usr/bin/cmake --build /home/chen/ros2_ws/build/cpp_pubsub -- -j2 -l2
